This file contains any messages produced by compilers while
running configure, to aid debugging if configure makes a mistake.

It was created by ma48 configure 2.2.0, which was
generated by GNU Autoconf 2.69.  Invocation command line was

  $ ./configure 

## --------- ##
## Platform. ##
## --------- ##

hostname = schuetrumpf-X750JB
uname -m = i686
uname -r = 3.2.0-61-generic-pae
uname -s = Linux
uname -v = #93-Ubuntu SMP Fri May 2 21:46:08 UTC 2014

/usr/bin/uname -p = unknown
/bin/uname -X     = unknown

/bin/arch              = unknown
/usr/bin/arch -k       = unknown
/usr/convex/getsysinfo = unknown
/usr/bin/hostinfo      = unknown
/bin/machine           = unknown
/usr/bin/oslevel       = unknown
/bin/universe          = unknown

PATH: /usr/lib/lightdm/lightdm
PATH: /usr/local/sbin
PATH: /usr/local/bin
PATH: /usr/sbin
PATH: /usr/bin
PATH: /sbin
PATH: /bin
PATH: /usr/games


## ----------- ##
## Core tests. ##
## ----------- ##

configure:2057: checking for a BSD-compatible install
configure:2125: result: /usr/bin/install -c
configure:2136: checking whether build environment is sane
configure:2186: result: yes
configure:2327: checking for a thread-safe mkdir -p
configure:2366: result: /bin/mkdir -p
configure:2379: checking for gawk
configure:2409: result: no
configure:2379: checking for mawk
configure:2395: found /usr/bin/mawk
configure:2406: result: mawk
configure:2417: checking whether make sets $(MAKE)
configure:2439: result: yes
configure:2574: checking for g77
configure:2604: result: no
configure:2574: checking for xlf
configure:2604: result: no
configure:2574: checking for f77
configure:2604: result: no
configure:2574: checking for frt
configure:2604: result: no
configure:2574: checking for pgf77
configure:2604: result: no
configure:2574: checking for cf77
configure:2604: result: no
configure:2574: checking for fort77
configure:2604: result: no
configure:2574: checking for fl32
configure:2604: result: no
configure:2574: checking for af77
configure:2604: result: no
configure:2574: checking for xlf90
configure:2604: result: no
configure:2574: checking for f90
configure:2604: result: no
configure:2574: checking for pgf90
configure:2604: result: no
configure:2574: checking for pghpf
configure:2604: result: no
configure:2574: checking for epcf90
configure:2604: result: no
configure:2574: checking for gfortran
configure:2590: found /usr/bin/gfortran
configure:2601: result: gfortran
configure:2627: checking for Fortran 77 compiler version
configure:2636: gfortran --version >&5
GNU Fortran (Ubuntu/Linaro 4.6.3-1ubuntu5) 4.6.3
Copyright (C) 2011 Free Software Foundation, Inc.

GNU Fortran comes with NO WARRANTY, to the extent permitted by law.
You may redistribute copies of GNU Fortran
under the terms of the GNU General Public License.
For more information about these matters, see the file named COPYING

configure:2647: $? = 0
configure:2636: gfortran -v >&5
Using built-in specs.
COLLECT_GCC=gfortran
COLLECT_LTO_WRAPPER=/usr/lib/gcc/i686-linux-gnu/4.6/lto-wrapper
Target: i686-linux-gnu
Configured with: ../src/configure -v --with-pkgversion='Ubuntu/Linaro 4.6.3-1ubuntu5' --with-bugurl=file:///usr/share/doc/gcc-4.6/README.Bugs --enable-languages=c,c++,fortran,objc,obj-c++ --prefix=/usr --program-suffix=-4.6 --enable-shared --enable-linker-build-id --with-system-zlib --libexecdir=/usr/lib --without-included-gettext --enable-threads=posix --with-gxx-include-dir=/usr/include/c++/4.6 --libdir=/usr/lib --enable-nls --with-sysroot=/ --enable-clocale=gnu --enable-libstdcxx-debug --enable-libstdcxx-time=yes --enable-gnu-unique-object --enable-plugin --enable-objc-gc --enable-targets=all --disable-werror --with-arch-32=i686 --with-tune=generic --enable-checking=release --build=i686-linux-gnu --host=i686-linux-gnu --target=i686-linux-gnu
Thread model: posix
gcc version 4.6.3 (Ubuntu/Linaro 4.6.3-1ubuntu5) 
configure:2647: $? = 0
configure:2636: gfortran -V >&5
gfortran: error: unrecognized option '-V'
gfortran: fatal error: no input files
compilation terminated.
configure:2647: $? = 4
configure:2636: gfortran -qversion >&5
gfortran: error: unrecognized option '-qversion'
gfortran: fatal error: no input files
compilation terminated.
configure:2647: $? = 4
configure:2662: checking whether the Fortran 77 compiler works
configure:2684: gfortran   conftest.f  >&5
configure:2688: $? = 0
configure:2736: result: yes
configure:2739: checking for Fortran 77 compiler default output file name
configure:2741: result: a.out
configure:2747: checking for suffix of executables
configure:2754: gfortran -o conftest   conftest.f  >&5
configure:2758: $? = 0
configure:2780: result: 
configure:2796: checking whether we are cross compiling
configure:2804: gfortran -o conftest   conftest.f  >&5
configure:2808: $? = 0
configure:2815: ./conftest
configure:2819: $? = 0
configure:2834: result: no
configure:2839: checking for suffix of object files
configure:2855: gfortran -c  conftest.f >&5
configure:2859: $? = 0
configure:2880: result: o
configure:2888: checking whether we are using the GNU Fortran 77 compiler
configure:2901: gfortran -c  conftest.F >&5
configure:2901: $? = 0
configure:2910: result: yes
configure:2916: checking whether gfortran accepts -g
configure:2927: gfortran -c -g conftest.f >&5
configure:2927: $? = 0
configure:2935: result: yes
configure:3017: checking for gfortran
configure:3033: found /usr/bin/gfortran
configure:3044: result: gfortran
configure:3070: checking for Fortran compiler version
configure:3079: gfortran --version >&5
GNU Fortran (Ubuntu/Linaro 4.6.3-1ubuntu5) 4.6.3
Copyright (C) 2011 Free Software Foundation, Inc.

GNU Fortran comes with NO WARRANTY, to the extent permitted by law.
You may redistribute copies of GNU Fortran
under the terms of the GNU General Public License.
For more information about these matters, see the file named COPYING

configure:3090: $? = 0
configure:3079: gfortran -v >&5
Using built-in specs.
COLLECT_GCC=gfortran
COLLECT_LTO_WRAPPER=/usr/lib/gcc/i686-linux-gnu/4.6/lto-wrapper
Target: i686-linux-gnu
Configured with: ../src/configure -v --with-pkgversion='Ubuntu/Linaro 4.6.3-1ubuntu5' --with-bugurl=file:///usr/share/doc/gcc-4.6/README.Bugs --enable-languages=c,c++,fortran,objc,obj-c++ --prefix=/usr --program-suffix=-4.6 --enable-shared --enable-linker-build-id --with-system-zlib --libexecdir=/usr/lib --without-included-gettext --enable-threads=posix --with-gxx-include-dir=/usr/include/c++/4.6 --libdir=/usr/lib --enable-nls --with-sysroot=/ --enable-clocale=gnu --enable-libstdcxx-debug --enable-libstdcxx-time=yes --enable-gnu-unique-object --enable-plugin --enable-objc-gc --enable-targets=all --disable-werror --with-arch-32=i686 --with-tune=generic --enable-checking=release --build=i686-linux-gnu --host=i686-linux-gnu --target=i686-linux-gnu
Thread model: posix
gcc version 4.6.3 (Ubuntu/Linaro 4.6.3-1ubuntu5) 
configure:3090: $? = 0
configure:3079: gfortran -V >&5
gfortran: error: unrecognized option '-V'
gfortran: fatal error: no input files
compilation terminated.
configure:3090: $? = 4
configure:3079: gfortran -qversion >&5
gfortran: error: unrecognized option '-qversion'
gfortran: fatal error: no input files
compilation terminated.
configure:3090: $? = 4
configure:3099: checking whether we are using the GNU Fortran compiler
configure:3112: gfortran -c   conftest.F >&5
configure:3112: $? = 0
configure:3121: result: yes
configure:3127: checking whether gfortran accepts -g
configure:3138: gfortran -c -g  conftest.f >&5
configure:3138: $? = 0
configure:3146: result: yes
configure:3223: checking for gcc
configure:3239: found /usr/bin/gcc
configure:3250: result: gcc
configure:3479: checking for C compiler version
configure:3488: gcc --version >&5
gcc (Ubuntu/Linaro 4.6.3-1ubuntu5) 4.6.3
Copyright (C) 2011 Free Software Foundation, Inc.
This is free software; see the source for copying conditions.  There is NO
warranty; not even for MERCHANTABILITY or FITNESS FOR A PARTICULAR PURPOSE.

configure:3499: $? = 0
configure:3488: gcc -v >&5
Using built-in specs.
COLLECT_GCC=gcc
COLLECT_LTO_WRAPPER=/usr/lib/gcc/i686-linux-gnu/4.6/lto-wrapper
Target: i686-linux-gnu
Configured with: ../src/configure -v --with-pkgversion='Ubuntu/Linaro 4.6.3-1ubuntu5' --with-bugurl=file:///usr/share/doc/gcc-4.6/README.Bugs --enable-languages=c,c++,fortran,objc,obj-c++ --prefix=/usr --program-suffix=-4.6 --enable-shared --enable-linker-build-id --with-system-zlib --libexecdir=/usr/lib --without-included-gettext --enable-threads=posix --with-gxx-include-dir=/usr/include/c++/4.6 --libdir=/usr/lib --enable-nls --with-sysroot=/ --enable-clocale=gnu --enable-libstdcxx-debug --enable-libstdcxx-time=yes --enable-gnu-unique-object --enable-plugin --enable-objc-gc --enable-targets=all --disable-werror --with-arch-32=i686 --with-tune=generic --enable-checking=release --build=i686-linux-gnu --host=i686-linux-gnu --target=i686-linux-gnu
Thread model: posix
gcc version 4.6.3 (Ubuntu/Linaro 4.6.3-1ubuntu5) 
configure:3499: $? = 0
configure:3488: gcc -V >&5
gcc: error: unrecognized option '-V'
gcc: fatal error: no input files
compilation terminated.
configure:3499: $? = 4
configure:3488: gcc -qversion >&5
gcc: error: unrecognized option '-qversion'
gcc: fatal error: no input files
compilation terminated.
configure:3499: $? = 4
configure:3503: checking whether we are using the GNU C compiler
configure:3522: gcc -c   conftest.c >&5
configure:3522: $? = 0
configure:3531: result: yes
configure:3540: checking whether gcc accepts -g
configure:3560: gcc -c -g  conftest.c >&5
configure:3560: $? = 0
configure:3601: result: yes
configure:3618: checking for gcc option to accept ISO C89
configure:3681: gcc  -c -g -O2  conftest.c >&5
configure:3681: $? = 0
configure:3694: result: none needed
configure:3725: checking for style of include used by make
configure:3753: result: GNU
configure:3779: checking dependency style of gcc
configure:3890: result: none
configure:3948: checking for ranlib
configure:3964: found /usr/bin/ranlib
configure:3975: result: ranlib
configure:4003: checking build system type
configure:4017: result: i686-pc-linux-gnu
configure:4037: checking host system type
configure:4050: result: i686-pc-linux-gnu
configure:4075: checking how to get verbose linking output from gfortran
configure:4085: gfortran -c -g -O2  conftest.f >&5
configure:4085: $? = 0
configure:4103: gfortran -o conftest -g -O2 -v conftest.f
Using built-in specs.
Target: i686-linux-gnu
Thread model: posix
gcc version 4.6.3 (Ubuntu/Linaro 4.6.3-1ubuntu5) 
 /usr/lib/gcc/i686-linux-gnu/4.6/f951 conftest.f -ffixed-form -quiet -dumpbase conftest.f -mtune=generic -march=i686 -auxbase conftest -g -O2 -version -fintrinsic-modules-path /usr/lib/gcc/i686-linux-gnu/4.6/finclude -o /tmp/cc2RbYHw.s
GNU Fortran (Ubuntu/Linaro 4.6.3-1ubuntu5) version 4.6.3 (i686-linux-gnu)
	compiled by GNU C version 4.6.3, GMP version 5.0.2, MPFR version 3.1.0-p3, MPC version 0.9
GGC heuristics: --param ggc-min-expand=100 --param ggc-min-heapsize=131072
GNU Fortran (Ubuntu/Linaro 4.6.3-1ubuntu5) version 4.6.3 (i686-linux-gnu)
	compiled by GNU C version 4.6.3, GMP version 5.0.2, MPFR version 3.1.0-p3, MPC version 0.9
GGC heuristics: --param ggc-min-expand=100 --param ggc-min-heapsize=131072
 as --32 -o /tmp/ccsPDxex.o /tmp/cc2RbYHw.s
Reading specs from /usr/lib/gcc/i686-linux-gnu/4.6/libgfortran.spec
rename spec lib to liborig
 /usr/lib/gcc/i686-linux-gnu/4.6/collect2 --sysroot=/ --build-id --no-add-needed --as-needed --eh-frame-hdr -m elf_i386 --hash-style=gnu -dynamic-linker /lib/ld-linux.so.2 -z relro -o conftest /usr/lib/gcc/i686-linux-gnu/4.6/../../../i386-linux-gnu/crt1.o /usr/lib/gcc/i686-linux-gnu/4.6/../../../i386-linux-gnu/crti.o /usr/lib/gcc/i686-linux-gnu/4.6/crtbegin.o -L/usr/lib/gcc/i686-linux-gnu/4.6 -L/usr/lib/gcc/i686-linux-gnu/4.6/../../../i386-linux-gnu -L/usr/lib/gcc/i686-linux-gnu/4.6/../../../../lib -L/lib/i386-linux-gnu -L/lib/../lib -L/usr/lib/i386-linux-gnu -L/usr/lib/../lib -L/usr/lib/gcc/i686-linux-gnu/4.6/../../.. /tmp/ccsPDxex.o -lgfortran -lm -lgcc_s -lgcc -lquadmath -lm -lgcc_s -lgcc -lc -lgcc_s -lgcc /usr/lib/gcc/i686-linux-gnu/4.6/crtend.o /usr/lib/gcc/i686-linux-gnu/4.6/../../../i386-linux-gnu/crtn.o
configure:4186: result: -v
configure:4188: checking for Fortran libraries of gfortran
configure:4211: gfortran -o conftest -g -O2 -v conftest.f
Using built-in specs.
Target: i686-linux-gnu
Thread model: posix
gcc version 4.6.3 (Ubuntu/Linaro 4.6.3-1ubuntu5) 
 /usr/lib/gcc/i686-linux-gnu/4.6/f951 conftest.f -ffixed-form -quiet -dumpbase conftest.f -mtune=generic -march=i686 -auxbase conftest -g -O2 -version -fintrinsic-modules-path /usr/lib/gcc/i686-linux-gnu/4.6/finclude -o /tmp/cchSrXhz.s
GNU Fortran (Ubuntu/Linaro 4.6.3-1ubuntu5) version 4.6.3 (i686-linux-gnu)
	compiled by GNU C version 4.6.3, GMP version 5.0.2, MPFR version 3.1.0-p3, MPC version 0.9
GGC heuristics: --param ggc-min-expand=100 --param ggc-min-heapsize=131072
GNU Fortran (Ubuntu/Linaro 4.6.3-1ubuntu5) version 4.6.3 (i686-linux-gnu)
	compiled by GNU C version 4.6.3, GMP version 5.0.2, MPFR version 3.1.0-p3, MPC version 0.9
GGC heuristics: --param ggc-min-expand=100 --param ggc-min-heapsize=131072
 as --32 -o /tmp/ccwqKXVz.o /tmp/cchSrXhz.s
Reading specs from /usr/lib/gcc/i686-linux-gnu/4.6/libgfortran.spec
rename spec lib to liborig
 /usr/lib/gcc/i686-linux-gnu/4.6/collect2 --sysroot=/ --build-id --no-add-needed --as-needed --eh-frame-hdr -m elf_i386 --hash-style=gnu -dynamic-linker /lib/ld-linux.so.2 -z relro -o conftest /usr/lib/gcc/i686-linux-gnu/4.6/../../../i386-linux-gnu/crt1.o /usr/lib/gcc/i686-linux-gnu/4.6/../../../i386-linux-gnu/crti.o /usr/lib/gcc/i686-linux-gnu/4.6/crtbegin.o -L/usr/lib/gcc/i686-linux-gnu/4.6 -L/usr/lib/gcc/i686-linux-gnu/4.6/../../../i386-linux-gnu -L/usr/lib/gcc/i686-linux-gnu/4.6/../../../../lib -L/lib/i386-linux-gnu -L/lib/../lib -L/usr/lib/i386-linux-gnu -L/usr/lib/../lib -L/usr/lib/gcc/i686-linux-gnu/4.6/../../.. /tmp/ccwqKXVz.o -lgfortran -lm -lgcc_s -lgcc -lquadmath -lm -lgcc_s -lgcc -lc -lgcc_s -lgcc /usr/lib/gcc/i686-linux-gnu/4.6/crtend.o /usr/lib/gcc/i686-linux-gnu/4.6/../../../i386-linux-gnu/crtn.o
configure:4407: result:  -L/usr/lib/gcc/i686-linux-gnu/4.6 -L/usr/lib/gcc/i686-linux-gnu/4.6/../../../i386-linux-gnu -L/usr/lib/gcc/i686-linux-gnu/4.6/../../../../lib -L/lib/i386-linux-gnu -L/lib/../lib -L/usr/lib/i386-linux-gnu -L/usr/lib/../lib -L/usr/lib/gcc/i686-linux-gnu/4.6/../../.. -lgfortran -lm -lquadmath
configure:4421: checking fortran 90 modules inclusion flag
configure:4446: gfortran -c -g -O2  conftest.f >&5
conftest.f:1.1:

module conftest_module                                                  
 1
Error: Non-numeric character in statement label at (1)
conftest.f:1.1:

module conftest_module                                                  
 1
Error: Unclassifiable statement at (1)
conftest.f:2.4:

   contains                                                             
    1
Error: Non-numeric character in statement label at (1)
conftest.f:2.4:

   contains                                                             
    1
Error: Unclassifiable statement at (1)
conftest.f:3.4:

   subroutine conftest_routine                                          
    1
Error: Non-numeric character in statement label at (1)
conftest.f:3.4:

   subroutine conftest_routine                                          
    1
Error: Unclassifiable statement at (1)
conftest.f:4.4:

   write(*,'(a)') 'gotcha!'                                             
    1
Error: Non-numeric character in statement label at (1)
conftest.f:4.4:

   write(*,'(a)') 'gotcha!'                                             
    1
Error: Unclassifiable statement at (1)
conftest.f:5.4:

   end subroutine conftest_routine                                      
    1
Error: Non-numeric character in statement label at (1)
conftest.f:5.4:

   end subroutine conftest_routine                                      
    1
Error: Unclassifiable statement at (1)
conftest.f:6.4:

   end module conftest_module                                           
    1
Error: Non-numeric character in statement label at (1)
conftest.f:6.4:

   end module conftest_module                                           
    1
Error: Unclassifiable statement at (1)
configure:4446: $? = 1
configure: failed program was:
| module conftest_module
|    contains
|    subroutine conftest_routine
|    write(*,'(a)') 'gotcha!'
|    end subroutine conftest_routine
|    end module conftest_module
| 
configure:4463: gfortran -c -g -O2 -I tmpdir_0  conftest.f >&5
conftest.f:1.1:

program conftest_program                                                
 1
Error: Non-numeric character in statement label at (1)
conftest.f:1.1:

program conftest_program                                                
 1
Error: Unclassifiable statement at (1)
conftest.f:2.72:

       use conftest_module                                              
                                                                        1
Fatal Error: Can't open module file 'conftest_module.mod' for reading at (1): No such file or directory
configure:4463: $? = 1
configure: failed program was:
| program conftest_program
|        use conftest_module
|        call conftest_routine
|        end program conftest_program
| 
configure:4463: gfortran -c -g -O2 -Mtmpdir_0  conftest.f >&5
f951: error: unrecognized command line option '-Mtmpdir_0'
configure:4463: $? = 1
configure: failed program was:
| program conftest_program
|        use conftest_module
|        call conftest_routine
|        end program conftest_program
| 
configure:4463: gfortran -c -g -O2 -ptmpdir_0  conftest.f >&5
gfortran: error: unrecognized option '-ptmpdir_0'
configure:4463: $? = 1
configure: failed program was:
| program conftest_program
|        use conftest_module
|        call conftest_routine
|        end program conftest_program
| 
configure:4482: result: not found
configure:4491: checking how to get verbose linking output from gfortran
configure:4501: gfortran -c -g -O2 conftest.f >&5
configure:4501: $? = 0
configure:4519: gfortran -o conftest -g -O2 -v conftest.f
Using built-in specs.
Target: i686-linux-gnu
Thread model: posix
gcc version 4.6.3 (Ubuntu/Linaro 4.6.3-1ubuntu5) 
 /usr/lib/gcc/i686-linux-gnu/4.6/f951 conftest.f -ffixed-form -quiet -dumpbase conftest.f -mtune=generic -march=i686 -auxbase conftest -g -O2 -version -fintrinsic-modules-path /usr/lib/gcc/i686-linux-gnu/4.6/finclude -o /tmp/ccIqxKXK.s
GNU Fortran (Ubuntu/Linaro 4.6.3-1ubuntu5) version 4.6.3 (i686-linux-gnu)
	compiled by GNU C version 4.6.3, GMP version 5.0.2, MPFR version 3.1.0-p3, MPC version 0.9
GGC heuristics: --param ggc-min-expand=100 --param ggc-min-heapsize=131072
GNU Fortran (Ubuntu/Linaro 4.6.3-1ubuntu5) version 4.6.3 (i686-linux-gnu)
	compiled by GNU C version 4.6.3, GMP version 5.0.2, MPFR version 3.1.0-p3, MPC version 0.9
GGC heuristics: --param ggc-min-expand=100 --param ggc-min-heapsize=131072
 as --32 -o /tmp/ccsBih1L.o /tmp/ccIqxKXK.s
Reading specs from /usr/lib/gcc/i686-linux-gnu/4.6/libgfortran.spec
rename spec lib to liborig
 /usr/lib/gcc/i686-linux-gnu/4.6/collect2 --sysroot=/ --build-id --no-add-needed --as-needed --eh-frame-hdr -m elf_i386 --hash-style=gnu -dynamic-linker /lib/ld-linux.so.2 -z relro -o conftest /usr/lib/gcc/i686-linux-gnu/4.6/../../../i386-linux-gnu/crt1.o /usr/lib/gcc/i686-linux-gnu/4.6/../../../i386-linux-gnu/crti.o /usr/lib/gcc/i686-linux-gnu/4.6/crtbegin.o -L/usr/lib/gcc/i686-linux-gnu/4.6 -L/usr/lib/gcc/i686-linux-gnu/4.6/../../../i386-linux-gnu -L/usr/lib/gcc/i686-linux-gnu/4.6/../../../../lib -L/lib/i386-linux-gnu -L/lib/../lib -L/usr/lib/i386-linux-gnu -L/usr/lib/../lib -L/usr/lib/gcc/i686-linux-gnu/4.6/../../.. /tmp/ccsBih1L.o -lgfortran -lm -lgcc_s -lgcc -lquadmath -lm -lgcc_s -lgcc -lc -lgcc_s -lgcc /usr/lib/gcc/i686-linux-gnu/4.6/crtend.o /usr/lib/gcc/i686-linux-gnu/4.6/../../../i386-linux-gnu/crtn.o
configure:4602: result: -v
configure:4604: checking for Fortran 77 libraries of gfortran
configure:4627: gfortran -o conftest -g -O2 -v conftest.f
Using built-in specs.
Target: i686-linux-gnu
Thread model: posix
gcc version 4.6.3 (Ubuntu/Linaro 4.6.3-1ubuntu5) 
 /usr/lib/gcc/i686-linux-gnu/4.6/f951 conftest.f -ffixed-form -quiet -dumpbase conftest.f -mtune=generic -march=i686 -auxbase conftest -g -O2 -version -fintrinsic-modules-path /usr/lib/gcc/i686-linux-gnu/4.6/finclude -o /tmp/cckW6dsQ.s
GNU Fortran (Ubuntu/Linaro 4.6.3-1ubuntu5) version 4.6.3 (i686-linux-gnu)
	compiled by GNU C version 4.6.3, GMP version 5.0.2, MPFR version 3.1.0-p3, MPC version 0.9
GGC heuristics: --param ggc-min-expand=100 --param ggc-min-heapsize=131072
GNU Fortran (Ubuntu/Linaro 4.6.3-1ubuntu5) version 4.6.3 (i686-linux-gnu)
	compiled by GNU C version 4.6.3, GMP version 5.0.2, MPFR version 3.1.0-p3, MPC version 0.9
GGC heuristics: --param ggc-min-expand=100 --param ggc-min-heapsize=131072
 as --32 -o /tmp/ccTCDADR.o /tmp/cckW6dsQ.s
Reading specs from /usr/lib/gcc/i686-linux-gnu/4.6/libgfortran.spec
rename spec lib to liborig
 /usr/lib/gcc/i686-linux-gnu/4.6/collect2 --sysroot=/ --build-id --no-add-needed --as-needed --eh-frame-hdr -m elf_i386 --hash-style=gnu -dynamic-linker /lib/ld-linux.so.2 -z relro -o conftest /usr/lib/gcc/i686-linux-gnu/4.6/../../../i386-linux-gnu/crt1.o /usr/lib/gcc/i686-linux-gnu/4.6/../../../i386-linux-gnu/crti.o /usr/lib/gcc/i686-linux-gnu/4.6/crtbegin.o -L/usr/lib/gcc/i686-linux-gnu/4.6 -L/usr/lib/gcc/i686-linux-gnu/4.6/../../../i386-linux-gnu -L/usr/lib/gcc/i686-linux-gnu/4.6/../../../../lib -L/lib/i386-linux-gnu -L/lib/../lib -L/usr/lib/i386-linux-gnu -L/usr/lib/../lib -L/usr/lib/gcc/i686-linux-gnu/4.6/../../.. /tmp/ccTCDADR.o -lgfortran -lm -lgcc_s -lgcc -lquadmath -lm -lgcc_s -lgcc -lc -lgcc_s -lgcc /usr/lib/gcc/i686-linux-gnu/4.6/crtend.o /usr/lib/gcc/i686-linux-gnu/4.6/../../../i386-linux-gnu/crtn.o
configure:4823: result:  -L/usr/lib/gcc/i686-linux-gnu/4.6 -L/usr/lib/gcc/i686-linux-gnu/4.6/../../../i386-linux-gnu -L/usr/lib/gcc/i686-linux-gnu/4.6/../../../../lib -L/lib/i386-linux-gnu -L/lib/../lib -L/usr/lib/i386-linux-gnu -L/usr/lib/../lib -L/usr/lib/gcc/i686-linux-gnu/4.6/../../.. -lgfortran -lm -lquadmath
configure:4840: checking for dummy main to link with Fortran 77 libraries
configure:4874: gcc -o conftest -g -O2   conftest.c   -L/usr/lib/gcc/i686-linux-gnu/4.6 -L/usr/lib/gcc/i686-linux-gnu/4.6/../../../i386-linux-gnu -L/usr/lib/gcc/i686-linux-gnu/4.6/../../../../lib -L/lib/i386-linux-gnu -L/lib/../lib -L/usr/lib/i386-linux-gnu -L/usr/lib/../lib -L/usr/lib/gcc/i686-linux-gnu/4.6/../../.. -lgfortran -lm -lquadmath >&5
configure:4874: $? = 0
configure:4919: result: none
configure:4952: checking for Fortran 77 name-mangling scheme
configure:4965: gfortran -c -g -O2 conftest.f >&5
configure:4965: $? = 0
configure:5006: gcc -o conftest -g -O2   conftest.c cfortran_test.o   -L/usr/lib/gcc/i686-linux-gnu/4.6 -L/usr/lib/gcc/i686-linux-gnu/4.6/../../../i386-linux-gnu -L/usr/lib/gcc/i686-linux-gnu/4.6/../../../../lib -L/lib/i386-linux-gnu -L/lib/../lib -L/usr/lib/i386-linux-gnu -L/usr/lib/../lib -L/usr/lib/gcc/i686-linux-gnu/4.6/../../.. -lgfortran -lm -lquadmath >&5
/tmp/cc4DKQwW.o: In function `main':
/home/schuetrumpf/Desktop/Reaction_Network/branches/public_nse/ma48-2.2.0/conftest.c:30: undefined reference to `foobar'
collect2: ld returned 1 exit status
configure:5006: $? = 1
configure: failed program was:
| /* confdefs.h */
| #define PACKAGE_NAME "ma48"
| #define PACKAGE_TARNAME "ma48"
| #define PACKAGE_VERSION "2.2.0"
| #define PACKAGE_STRING "ma48 2.2.0"
| #define PACKAGE_BUGREPORT "hsl@stfc.ac.uk"
| #define PACKAGE_URL ""
| #define PACKAGE "ma48"
| #define VERSION "2.2.0"
| /* end confdefs.h.  */
| 
| /* Override any GCC internal prototype to avoid an error.
|    Use char because int might match the return type of a GCC
|    builtin and then its argument prototype would still apply.  */
| #ifdef __cplusplus
| extern "C"
| #endif
| char foobar ();
| #ifdef F77_DUMMY_MAIN
| 
| #  ifdef __cplusplus
|      extern "C"
| #  endif
|    int F77_DUMMY_MAIN() { return 1; }
| 
| #endif
| int
| main ()
| {
| return foobar ();
|   ;
|   return 0;
| }
configure:5006: gcc -o conftest -g -O2   conftest.c cfortran_test.o   -L/usr/lib/gcc/i686-linux-gnu/4.6 -L/usr/lib/gcc/i686-linux-gnu/4.6/../../../i386-linux-gnu -L/usr/lib/gcc/i686-linux-gnu/4.6/../../../../lib -L/lib/i386-linux-gnu -L/lib/../lib -L/usr/lib/i386-linux-gnu -L/usr/lib/../lib -L/usr/lib/gcc/i686-linux-gnu/4.6/../../.. -lgfortran -lm -lquadmath >&5
configure:5006: $? = 0
configure:5064: gcc -o conftest -g -O2   conftest.c cfortran_test.o   -L/usr/lib/gcc/i686-linux-gnu/4.6 -L/usr/lib/gcc/i686-linux-gnu/4.6/../../../i386-linux-gnu -L/usr/lib/gcc/i686-linux-gnu/4.6/../../../../lib -L/lib/i386-linux-gnu -L/lib/../lib -L/usr/lib/i386-linux-gnu -L/usr/lib/../lib -L/usr/lib/gcc/i686-linux-gnu/4.6/../../.. -lgfortran -lm -lquadmath >&5
configure:5064: $? = 0
configure:5106: result: lower case, underscore, no extra underscore
configure:5225: checking for sgemm_
configure:5225: gcc -o conftest -g -O2   conftest.c   -L/usr/lib/gcc/i686-linux-gnu/4.6 -L/usr/lib/gcc/i686-linux-gnu/4.6/../../../i386-linux-gnu -L/usr/lib/gcc/i686-linux-gnu/4.6/../../../../lib -L/lib/i386-linux-gnu -L/lib/../lib -L/usr/lib/i386-linux-gnu -L/usr/lib/../lib -L/usr/lib/gcc/i686-linux-gnu/4.6/../../.. -lgfortran -lm -lquadmath >&5
/tmp/cc6wovS3.o: In function `main':
/home/schuetrumpf/Desktop/Reaction_Network/branches/public_nse/ma48-2.2.0/conftest.c:53: undefined reference to `sgemm_'
collect2: ld returned 1 exit status
configure:5225: $? = 1
configure: failed program was:
| /* confdefs.h */
| #define PACKAGE_NAME "ma48"
| #define PACKAGE_TARNAME "ma48"
| #define PACKAGE_VERSION "2.2.0"
| #define PACKAGE_STRING "ma48 2.2.0"
| #define PACKAGE_BUGREPORT "hsl@stfc.ac.uk"
| #define PACKAGE_URL ""
| #define PACKAGE "ma48"
| #define VERSION "2.2.0"
| /* end confdefs.h.  */
| /* Define sgemm_ to an innocuous variant, in case <limits.h> declares sgemm_.
|    For example, HP-UX 11i <limits.h> declares gettimeofday.  */
| #define sgemm_ innocuous_sgemm_
| 
| /* System header to define __stub macros and hopefully few prototypes,
|     which can conflict with char sgemm_ (); below.
|     Prefer <limits.h> to <assert.h> if __STDC__ is defined, since
|     <limits.h> exists even on freestanding compilers.  */
| 
| #ifdef __STDC__
| # include <limits.h>
| #else
| # include <assert.h>
| #endif
| 
| #undef sgemm_
| 
| /* Override any GCC internal prototype to avoid an error.
|    Use char because int might match the return type of a GCC
|    builtin and then its argument prototype would still apply.  */
| #ifdef __cplusplus
| extern "C"
| #endif
| char sgemm_ ();
| /* The GNU C library defines this for functions which it implements
|     to always fail with ENOSYS.  Some functions are actually named
|     something starting with __ and the normal name is an alias.  */
| #if defined __stub_sgemm_ || defined __stub___sgemm_
| choke me
| #endif
| 
| #ifdef F77_DUMMY_MAIN
| 
| #  ifdef __cplusplus
|      extern "C"
| #  endif
|    int F77_DUMMY_MAIN() { return 1; }
| 
| #endif
| int
| main ()
| {
| return sgemm_ ();
|   ;
|   return 0;
| }
configure:5225: result: no
configure:5235: checking for ATL_xerbla in -latlas
configure:5268: gcc -o conftest -g -O2   conftest.c -latlas    -L/usr/lib/gcc/i686-linux-gnu/4.6 -L/usr/lib/gcc/i686-linux-gnu/4.6/../../../i386-linux-gnu -L/usr/lib/gcc/i686-linux-gnu/4.6/../../../../lib -L/lib/i386-linux-gnu -L/lib/../lib -L/usr/lib/i386-linux-gnu -L/usr/lib/../lib -L/usr/lib/gcc/i686-linux-gnu/4.6/../../.. -lgfortran -lm -lquadmath >&5
/usr/bin/ld: cannot find -latlas
collect2: ld returned 1 exit status
configure:5268: $? = 1
configure: failed program was:
| /* confdefs.h */
| #define PACKAGE_NAME "ma48"
| #define PACKAGE_TARNAME "ma48"
| #define PACKAGE_VERSION "2.2.0"
| #define PACKAGE_STRING "ma48 2.2.0"
| #define PACKAGE_BUGREPORT "hsl@stfc.ac.uk"
| #define PACKAGE_URL ""
| #define PACKAGE "ma48"
| #define VERSION "2.2.0"
| /* end confdefs.h.  */
| 
| /* Override any GCC internal prototype to avoid an error.
|    Use char because int might match the return type of a GCC
|    builtin and then its argument prototype would still apply.  */
| #ifdef __cplusplus
| extern "C"
| #endif
| char ATL_xerbla ();
| #ifdef F77_DUMMY_MAIN
| 
| #  ifdef __cplusplus
|      extern "C"
| #  endif
|    int F77_DUMMY_MAIN() { return 1; }
| 
| #endif
| int
| main ()
| {
| return ATL_xerbla ();
|   ;
|   return 0;
| }
configure:5277: result: no
configure:5385: checking for sgemm_ in -lblas
configure:5418: gcc -o conftest -g -O2   conftest.c -lblas    -L/usr/lib/gcc/i686-linux-gnu/4.6 -L/usr/lib/gcc/i686-linux-gnu/4.6/../../../i386-linux-gnu -L/usr/lib/gcc/i686-linux-gnu/4.6/../../../../lib -L/lib/i386-linux-gnu -L/lib/../lib -L/usr/lib/i386-linux-gnu -L/usr/lib/../lib -L/usr/lib/gcc/i686-linux-gnu/4.6/../../.. -lgfortran -lm -lquadmath >&5
/usr/bin/ld: cannot find -lblas
collect2: ld returned 1 exit status
configure:5418: $? = 1
configure: failed program was:
| /* confdefs.h */
| #define PACKAGE_NAME "ma48"
| #define PACKAGE_TARNAME "ma48"
| #define PACKAGE_VERSION "2.2.0"
| #define PACKAGE_STRING "ma48 2.2.0"
| #define PACKAGE_BUGREPORT "hsl@stfc.ac.uk"
| #define PACKAGE_URL ""
| #define PACKAGE "ma48"
| #define VERSION "2.2.0"
| /* end confdefs.h.  */
| 
| /* Override any GCC internal prototype to avoid an error.
|    Use char because int might match the return type of a GCC
|    builtin and then its argument prototype would still apply.  */
| #ifdef __cplusplus
| extern "C"
| #endif
| char sgemm_ ();
| #ifdef F77_DUMMY_MAIN
| 
| #  ifdef __cplusplus
|      extern "C"
| #  endif
|    int F77_DUMMY_MAIN() { return 1; }
| 
| #endif
| int
| main ()
| {
| return sgemm_ ();
|   ;
|   return 0;
| }
configure:5428: result: no
configure:5537: checking for sgemm_ in -lcxml
configure:5570: gcc -o conftest -g -O2   conftest.c -lcxml    -L/usr/lib/gcc/i686-linux-gnu/4.6 -L/usr/lib/gcc/i686-linux-gnu/4.6/../../../i386-linux-gnu -L/usr/lib/gcc/i686-linux-gnu/4.6/../../../../lib -L/lib/i386-linux-gnu -L/lib/../lib -L/usr/lib/i386-linux-gnu -L/usr/lib/../lib -L/usr/lib/gcc/i686-linux-gnu/4.6/../../.. -lgfortran -lm -lquadmath >&5
/usr/bin/ld: cannot find -lcxml
collect2: ld returned 1 exit status
configure:5570: $? = 1
configure: failed program was:
| /* confdefs.h */
| #define PACKAGE_NAME "ma48"
| #define PACKAGE_TARNAME "ma48"
| #define PACKAGE_VERSION "2.2.0"
| #define PACKAGE_STRING "ma48 2.2.0"
| #define PACKAGE_BUGREPORT "hsl@stfc.ac.uk"
| #define PACKAGE_URL ""
| #define PACKAGE "ma48"
| #define VERSION "2.2.0"
| /* end confdefs.h.  */
| 
| /* Override any GCC internal prototype to avoid an error.
|    Use char because int might match the return type of a GCC
|    builtin and then its argument prototype would still apply.  */
| #ifdef __cplusplus
| extern "C"
| #endif
| char sgemm_ ();
| #ifdef F77_DUMMY_MAIN
| 
| #  ifdef __cplusplus
|      extern "C"
| #  endif
|    int F77_DUMMY_MAIN() { return 1; }
| 
| #endif
| int
| main ()
| {
| return sgemm_ ();
|   ;
|   return 0;
| }
configure:5580: result: no
configure:5591: checking for sgemm_ in -ldxml
configure:5624: gcc -o conftest -g -O2   conftest.c -ldxml    -L/usr/lib/gcc/i686-linux-gnu/4.6 -L/usr/lib/gcc/i686-linux-gnu/4.6/../../../i386-linux-gnu -L/usr/lib/gcc/i686-linux-gnu/4.6/../../../../lib -L/lib/i386-linux-gnu -L/lib/../lib -L/usr/lib/i386-linux-gnu -L/usr/lib/../lib -L/usr/lib/gcc/i686-linux-gnu/4.6/../../.. -lgfortran -lm -lquadmath >&5
/usr/bin/ld: cannot find -ldxml
collect2: ld returned 1 exit status
configure:5624: $? = 1
configure: failed program was:
| /* confdefs.h */
| #define PACKAGE_NAME "ma48"
| #define PACKAGE_TARNAME "ma48"
| #define PACKAGE_VERSION "2.2.0"
| #define PACKAGE_STRING "ma48 2.2.0"
| #define PACKAGE_BUGREPORT "hsl@stfc.ac.uk"
| #define PACKAGE_URL ""
| #define PACKAGE "ma48"
| #define VERSION "2.2.0"
| /* end confdefs.h.  */
| 
| /* Override any GCC internal prototype to avoid an error.
|    Use char because int might match the return type of a GCC
|    builtin and then its argument prototype would still apply.  */
| #ifdef __cplusplus
| extern "C"
| #endif
| char sgemm_ ();
| #ifdef F77_DUMMY_MAIN
| 
| #  ifdef __cplusplus
|      extern "C"
| #  endif
|    int F77_DUMMY_MAIN() { return 1; }
| 
| #endif
| int
| main ()
| {
| return sgemm_ ();
|   ;
|   return 0;
| }
configure:5634: result: no
configure:5749: checking for sgemm_ in -lscs
configure:5782: gcc -o conftest -g -O2   conftest.c -lscs    -L/usr/lib/gcc/i686-linux-gnu/4.6 -L/usr/lib/gcc/i686-linux-gnu/4.6/../../../i386-linux-gnu -L/usr/lib/gcc/i686-linux-gnu/4.6/../../../../lib -L/lib/i386-linux-gnu -L/lib/../lib -L/usr/lib/i386-linux-gnu -L/usr/lib/../lib -L/usr/lib/gcc/i686-linux-gnu/4.6/../../.. -lgfortran -lm -lquadmath >&5
/usr/bin/ld: cannot find -lscs
collect2: ld returned 1 exit status
configure:5782: $? = 1
configure: failed program was:
| /* confdefs.h */
| #define PACKAGE_NAME "ma48"
| #define PACKAGE_TARNAME "ma48"
| #define PACKAGE_VERSION "2.2.0"
| #define PACKAGE_STRING "ma48 2.2.0"
| #define PACKAGE_BUGREPORT "hsl@stfc.ac.uk"
| #define PACKAGE_URL ""
| #define PACKAGE "ma48"
| #define VERSION "2.2.0"
| /* end confdefs.h.  */
| 
| /* Override any GCC internal prototype to avoid an error.
|    Use char because int might match the return type of a GCC
|    builtin and then its argument prototype would still apply.  */
| #ifdef __cplusplus
| extern "C"
| #endif
| char sgemm_ ();
| #ifdef F77_DUMMY_MAIN
| 
| #  ifdef __cplusplus
|      extern "C"
| #  endif
|    int F77_DUMMY_MAIN() { return 1; }
| 
| #endif
| int
| main ()
| {
| return sgemm_ ();
|   ;
|   return 0;
| }
configure:5792: result: no
configure:5803: checking for sgemm_ in -lcomplib.sgimath
configure:5836: gcc -o conftest -g -O2   conftest.c -lcomplib.sgimath    -L/usr/lib/gcc/i686-linux-gnu/4.6 -L/usr/lib/gcc/i686-linux-gnu/4.6/../../../i386-linux-gnu -L/usr/lib/gcc/i686-linux-gnu/4.6/../../../../lib -L/lib/i386-linux-gnu -L/lib/../lib -L/usr/lib/i386-linux-gnu -L/usr/lib/../lib -L/usr/lib/gcc/i686-linux-gnu/4.6/../../.. -lgfortran -lm -lquadmath >&5
/usr/bin/ld: cannot find -lcomplib.sgimath
collect2: ld returned 1 exit status
configure:5836: $? = 1
configure: failed program was:
| /* confdefs.h */
| #define PACKAGE_NAME "ma48"
| #define PACKAGE_TARNAME "ma48"
| #define PACKAGE_VERSION "2.2.0"
| #define PACKAGE_STRING "ma48 2.2.0"
| #define PACKAGE_BUGREPORT "hsl@stfc.ac.uk"
| #define PACKAGE_URL ""
| #define PACKAGE "ma48"
| #define VERSION "2.2.0"
| /* end confdefs.h.  */
| 
| /* Override any GCC internal prototype to avoid an error.
|    Use char because int might match the return type of a GCC
|    builtin and then its argument prototype would still apply.  */
| #ifdef __cplusplus
| extern "C"
| #endif
| char sgemm_ ();
| #ifdef F77_DUMMY_MAIN
| 
| #  ifdef __cplusplus
|      extern "C"
| #  endif
|    int F77_DUMMY_MAIN() { return 1; }
| 
| #endif
| int
| main ()
| {
| return sgemm_ ();
|   ;
|   return 0;
| }
configure:5846: result: no
configure:5857: checking for sgemm_ in -lblas
configure:5900: result: no
configure:5960: checking for sgemm_ in -lblas
configure:6003: result: no
configure:6023: WARNING: No BLAS library found. make check will not work.
configure:6197: creating ./config.status

## ---------------------- ##
## Running config.status. ##
## ---------------------- ##

This file was extended by ma48 config.status 2.2.0, which was
generated by GNU Autoconf 2.69.  Invocation command line was

  CONFIG_FILES    = 
  CONFIG_HEADERS  = 
  CONFIG_LINKS    = 
  CONFIG_COMMANDS = 
  $ ./config.status 

on schuetrumpf-X750JB

config.status:790: creating Makefile
config.status:790: creating src/Makefile
config.status:790: creating example/Makefile
config.status:962: executing depfiles commands

## ---------------- ##
## Cache variables. ##
## ---------------- ##

ac_cv_build=i686-pc-linux-gnu
ac_cv_c_compiler_gnu=yes
ac_cv_env_CC_set=
ac_cv_env_CC_value=
ac_cv_env_CFLAGS_set=
ac_cv_env_CFLAGS_value=
ac_cv_env_CPPFLAGS_set=
ac_cv_env_CPPFLAGS_value=
ac_cv_env_F77_set=
ac_cv_env_F77_value=
ac_cv_env_FCFLAGS_set=
ac_cv_env_FCFLAGS_value=
ac_cv_env_FC_set=
ac_cv_env_FC_value=
ac_cv_env_FFLAGS_set=
ac_cv_env_FFLAGS_value=
ac_cv_env_LDFLAGS_set=
ac_cv_env_LDFLAGS_value=
ac_cv_env_LIBS_set=
ac_cv_env_LIBS_value=
ac_cv_env_build_alias_set=
ac_cv_env_build_alias_value=
ac_cv_env_host_alias_set=
ac_cv_env_host_alias_value=
ac_cv_env_target_alias_set=
ac_cv_env_target_alias_value=
ac_cv_f77_compiler_gnu=yes
ac_cv_f77_dummy_main=none
ac_cv_f77_libs=' -L/usr/lib/gcc/i686-linux-gnu/4.6 -L/usr/lib/gcc/i686-linux-gnu/4.6/../../../i386-linux-gnu -L/usr/lib/gcc/i686-linux-gnu/4.6/../../../../lib -L/lib/i386-linux-gnu -L/lib/../lib -L/usr/lib/i386-linux-gnu -L/usr/lib/../lib -L/usr/lib/gcc/i686-linux-gnu/4.6/../../.. -lgfortran -lm -lquadmath'
ac_cv_f77_mangling='lower case, underscore, no extra underscore'
ac_cv_fc_compiler_gnu=yes
ac_cv_fc_libs=' -L/usr/lib/gcc/i686-linux-gnu/4.6 -L/usr/lib/gcc/i686-linux-gnu/4.6/../../../i386-linux-gnu -L/usr/lib/gcc/i686-linux-gnu/4.6/../../../../lib -L/lib/i386-linux-gnu -L/lib/../lib -L/usr/lib/i386-linux-gnu -L/usr/lib/../lib -L/usr/lib/gcc/i686-linux-gnu/4.6/../../.. -lgfortran -lm -lquadmath'
ac_cv_fortran_dummy_main=none
ac_cv_func_sgemm_=no
ac_cv_host=i686-pc-linux-gnu
ac_cv_lib_atlas_ATL_xerbla=no
ac_cv_lib_blas_sgemm_=no
ac_cv_lib_complib_sgimath_sgemm_=no
ac_cv_lib_cxml_sgemm_=no
ac_cv_lib_dxml_sgemm_=no
ac_cv_lib_scs_sgemm_=no
ac_cv_objext=o
ac_cv_path_install='/usr/bin/install -c'
ac_cv_path_mkdir=/bin/mkdir
ac_cv_prog_AWK=mawk
ac_cv_prog_ac_ct_CC=gcc
ac_cv_prog_ac_ct_F77=gfortran
ac_cv_prog_ac_ct_FC=gfortran
ac_cv_prog_ac_ct_RANLIB=ranlib
ac_cv_prog_cc_c89=
ac_cv_prog_cc_g=yes
ac_cv_prog_f77_g=yes
ac_cv_prog_f77_v=-v
ac_cv_prog_fc_g=yes
ac_cv_prog_fc_v=-v
ac_cv_prog_make_make_set=yes
am_cv_CC_dependencies_compiler_type=none
ax_cv_f90_modflag='not found'

## ----------------- ##
## Output variables. ##
## ----------------- ##

ACLOCAL='${SHELL} /home/schuetrumpf/Desktop/Reaction_Network/branches/public_nse/ma48-2.2.0/missing --run aclocal-1.11'
AMDEPBACKSLASH='\'
AMDEP_FALSE='#'
AMDEP_TRUE=''
AMTAR='$${TAR-tar}'
AUTOCONF='${SHELL} /home/schuetrumpf/Desktop/Reaction_Network/branches/public_nse/ma48-2.2.0/missing --run autoconf'
AUTOHEADER='${SHELL} /home/schuetrumpf/Desktop/Reaction_Network/branches/public_nse/ma48-2.2.0/missing --run autoheader'
AUTOMAKE='${SHELL} /home/schuetrumpf/Desktop/Reaction_Network/branches/public_nse/ma48-2.2.0/missing --run automake-1.11'
AWK='mawk'
BLAS_LIBS=''
CC='gcc'
CCDEPMODE='depmode=none'
CFLAGS='-g -O2'
CPPFLAGS=''
CYGPATH_W='echo'
DEFS='-DPACKAGE_NAME=\"ma48\" -DPACKAGE_TARNAME=\"ma48\" -DPACKAGE_VERSION=\"2.2.0\" -DPACKAGE_STRING=\"ma48\ 2.2.0\" -DPACKAGE_BUGREPORT=\"hsl@stfc.ac.uk\" -DPACKAGE_URL=\"\" -DPACKAGE=\"ma48\" -DVERSION=\"2.2.0\"'
DEPDIR='.deps'
ECHO_C=''
ECHO_N='-n'
ECHO_T=''
EXEEXT=''
F77='gfortran'
FC='gfortran'
FCFLAGS='-g -O2'
FCLIBS=' -L/usr/lib/gcc/i686-linux-gnu/4.6 -L/usr/lib/gcc/i686-linux-gnu/4.6/../../../i386-linux-gnu -L/usr/lib/gcc/i686-linux-gnu/4.6/../../../../lib -L/lib/i386-linux-gnu -L/lib/../lib -L/usr/lib/i386-linux-gnu -L/usr/lib/../lib -L/usr/lib/gcc/i686-linux-gnu/4.6/../../.. -lgfortran -lm -lquadmath'
FFLAGS='-g -O2'
FLIBS=' -L/usr/lib/gcc/i686-linux-gnu/4.6 -L/usr/lib/gcc/i686-linux-gnu/4.6/../../../i386-linux-gnu -L/usr/lib/gcc/i686-linux-gnu/4.6/../../../../lib -L/lib/i386-linux-gnu -L/lib/../lib -L/usr/lib/i386-linux-gnu -L/usr/lib/../lib -L/usr/lib/gcc/i686-linux-gnu/4.6/../../.. -lgfortran -lm -lquadmath'
INSTALL_DATA='${INSTALL} -m 644'
INSTALL_PROGRAM='${INSTALL}'
INSTALL_SCRIPT='${INSTALL}'
INSTALL_STRIP_PROGRAM='$(install_sh) -c -s'
LDFLAGS=''
LIBOBJS=''
LIBS=''
LTLIBOBJS=''
MAKEINFO='${SHELL} /home/schuetrumpf/Desktop/Reaction_Network/branches/public_nse/ma48-2.2.0/missing --run makeinfo'
MKDIR_P='/bin/mkdir -p'
OBJEXT='o'
PACKAGE='ma48'
PACKAGE_BUGREPORT='hsl@stfc.ac.uk'
PACKAGE_NAME='ma48'
PACKAGE_STRING='ma48 2.2.0'
PACKAGE_TARNAME='ma48'
PACKAGE_URL=''
PACKAGE_VERSION='2.2.0'
PATH_SEPARATOR=':'
RANLIB='ranlib'
SET_MAKE=''
SHELL='/bin/bash'
STRIP=''
VERSION='2.2.0'
ac_ct_CC='gcc'
ac_ct_F77='gfortran'
ac_ct_FC='gfortran'
am__EXEEXT_FALSE=''
am__EXEEXT_TRUE='#'
am__fastdepCC_FALSE=''
am__fastdepCC_TRUE='#'
am__include='include'
am__isrc=''
am__leading_dot='.'
am__nodep='_no'
am__quote=''
am__tar='$${TAR-tar} chof - "$$tardir"'
am__untar='$${TAR-tar} xf -'
bindir='${exec_prefix}/bin'
build='i686-pc-linux-gnu'
build_alias=''
build_cpu='i686'
build_os='linux-gnu'
build_vendor='pc'
datadir='${datarootdir}'
datarootdir='${prefix}/share'
docdir='${datarootdir}/doc/${PACKAGE_TARNAME}'
dvidir='${docdir}'
exec_prefix='${prefix}'
host='i686-pc-linux-gnu'
host_alias=''
host_cpu='i686'
host_os='linux-gnu'
host_vendor='pc'
htmldir='${docdir}'
includedir='${prefix}/include'
infodir='${datarootdir}/info'
install_sh='${SHELL} /home/schuetrumpf/Desktop/Reaction_Network/branches/public_nse/ma48-2.2.0/install-sh'
libdir='${exec_prefix}/lib'
libexecdir='${exec_prefix}/libexec'
localedir='${datarootdir}/locale'
localstatedir='${prefix}/var'
mandir='${datarootdir}/man'
mkdir_p='/bin/mkdir -p'
oldincludedir='/usr/include'
pdfdir='${docdir}'
prefix='/usr/local'
program_transform_name='s,x,x,'
psdir='${docdir}'
sbindir='${exec_prefix}/sbin'
sharedstatedir='${prefix}/com'
sysconfdir='${prefix}/etc'
target_alias=''

## ----------- ##
## confdefs.h. ##
## ----------- ##

/* confdefs.h */
#define PACKAGE_NAME "ma48"
#define PACKAGE_TARNAME "ma48"
#define PACKAGE_VERSION "2.2.0"
#define PACKAGE_STRING "ma48 2.2.0"
#define PACKAGE_BUGREPORT "hsl@stfc.ac.uk"
#define PACKAGE_URL ""
#define PACKAGE "ma48"
#define VERSION "2.2.0"

configure: exit 0
